rfcx-guardian-role-updater/build/outputs/apk/manifest-merger-debug-report.txt
-- Merging decision tree log ---
manifest
ADDED from AndroidManifest.xml:2:1
	package
		ADDED from AndroidManifest.xml:3:5
	android:versionName
		ADDED from AndroidManifest.xml:5:5
	android:versionCode
		ADDED from AndroidManifest.xml:4:5
		INJECTED from AndroidManifest.xml:0:0
		INJECTED from AndroidManifest.xml:0:0
	xmlns:android
		ADDED from AndroidManifest.xml:2:11
uses-sdk
ADDED from AndroidManifest.xml:7:5
MERGED from rfcx-guardian-role-updater:rfcx-guardian-lib-utility:unspecified:7:5
	android:targetSdkVersion
		ADDED from AndroidManifest.xml:9:9
	android:minSdkVersion
		ADDED from AndroidManifest.xml:8:9
uses-permission#android.permission.RECEIVE_BOOT_COMPLETED
ADDED from AndroidManifest.xml:11:2
	android:name
		ADDED from AndroidManifest.xml:11:19
uses-permission#android.permission.INTERNET
ADDED from AndroidManifest.xml:12:2
	android:name
		ADDED from AndroidManifest.xml:12:19
uses-permission#android.permission.CALL_PHONE
ADDED from AndroidManifest.xml:13:2
	android:name
		ADDED from AndroidManifest.xml:13:19
uses-permission#android.permission.WRITE_SETTINGS
ADDED from AndroidManifest.xml:14:2
	android:name
		ADDED from AndroidManifest.xml:14:19
uses-permission#android.permission.ACCESS_WIFI_STATE
ADDED from AndroidManifest.xml:15:2
	android:name
		ADDED from AndroidManifest.xml:15:19
uses-permission#android.permission.CHANGE_WIFI_STATE
ADDED from AndroidManifest.xml:16:2
	android:name
		ADDED from AndroidManifest.xml:16:19
uses-permission#android.permission.ACCESS_NETWORK_STATE
ADDED from AndroidManifest.xml:17:2
	android:name
		ADDED from AndroidManifest.xml:17:19
uses-permission#android.permission.SET_TIME_ZONE
ADDED from AndroidManifest.xml:18:2
	android:name
		ADDED from AndroidManifest.xml:18:19
uses-permission#android.permission.READ_PHONE_STATE
ADDED from AndroidManifest.xml:19:2
	android:name
		ADDED from AndroidManifest.xml:19:19
uses-permission#android.permission.RECEIVE_SMS
ADDED from AndroidManifest.xml:20:2
	android:name
		ADDED from AndroidManifest.xml:20:19
uses-permission#android.permission.SEND_SMS
ADDED from AndroidManifest.xml:21:2
	android:name
		ADDED from AndroidManifest.xml:21:19
uses-permission#android.permission.WRITE_SMS
ADDED from AndroidManifest.xml:22:2
	android:name
		ADDED from AndroidManifest.xml:22:19
uses-permission#android.permission.READ_SMS
ADDED from AndroidManifest.xml:23:2
	android:name
		ADDED from AndroidManifest.xml:23:19
uses-permission#android.permission.RECORD_AUDIO
ADDED from AndroidManifest.xml:24:2
	android:name
		ADDED from AndroidManifest.xml:24:19
uses-permission#android.permission.BLUETOOTH
ADDED from AndroidManifest.xml:25:2
	android:name
		ADDED from AndroidManifest.xml:25:19
uses-permission#android.permission.BLUETOOTH_ADMIN
ADDED from AndroidManifest.xml:26:2
	android:name
		ADDED from AndroidManifest.xml:26:19
uses-permission#android.permission.WRITE_EXTERNAL_STORAGE
ADDED from AndroidManifest.xml:27:2
	android:name
		ADDED from AndroidManifest.xml:27:19
uses-permission#android.permission.ACCESS_COARSE_LOCATION
ADDED from AndroidManifest.xml:28:2
	android:name
		ADDED from AndroidManifest.xml:28:19
uses-permission#android.permission.ACCESS_FINE_LOCATION
ADDED from AndroidManifest.xml:29:2
	android:name
		ADDED from AndroidManifest.xml:29:19
uses-permission#android.permission.CAMERA
ADDED from AndroidManifest.xml:30:2
	android:name
		ADDED from AndroidManifest.xml:30:19
uses-permission#android.permission.CHANGE_NETWORK_STATE
ADDED from AndroidManifest.xml:31:2
	android:name
		ADDED from AndroidManifest.xml:31:19
uses-permission#android.permission.DISABLE_KEYGUARD
ADDED from AndroidManifest.xml:32:2
	android:name
		ADDED from AndroidManifest.xml:32:19
uses-permission#android.permission.MODIFY_AUDIO_SETTINGS
ADDED from AndroidManifest.xml:33:2
	android:name
		ADDED from AndroidManifest.xml:33:19
uses-permission#android.permission.READ_LOGS
ADDED from AndroidManifest.xml:34:2
	android:name
		ADDED from AndroidManifest.xml:34:19
uses-permission#android.permission.WAKE_LOCK
ADDED from AndroidManifest.xml:36:2
	android:name
		ADDED from AndroidManifest.xml:36:19
uses-permission#android.permission.WRITE_SYNC_SETTINGS
ADDED from AndroidManifest.xml:38:2
	android:name
		ADDED from AndroidManifest.xml:38:19
uses-permission#org.rfcx.guardian.READ
ADDED from AndroidManifest.xml:40:2
	android:name
		ADDED from AndroidManifest.xml:40:19
uses-permission#org.rfcx.guardian.WRITE
ADDED from AndroidManifest.xml:41:2
	android:name
		ADDED from AndroidManifest.xml:41:19
permission#org.rfcx.guardian.READ
ADDED from AndroidManifest.xml:42:2
	android:protectionLevel
		ADDED from AndroidManifest.xml:42:52
	android:name
		ADDED from AndroidManifest.xml:42:14
permission#org.rfcx.guardian.WRITE
ADDED from AndroidManifest.xml:43:2
	android:protectionLevel
		ADDED from AndroidManifest.xml:43:53
	android:name
		ADDED from AndroidManifest.xml:43:14
application
ADDED from AndroidManifest.xml:45:5
	android:label
		ADDED from AndroidManifest.xml:48:9
	android:allowBackup
		ADDED from AndroidManifest.xml:46:9
	android:icon
		ADDED from AndroidManifest.xml:47:9
	android:theme
		ADDED from AndroidManifest.xml:49:9
	android:name
		ADDED from AndroidManifest.xml:50:9
service#org.rfcx.guardian.updater.service.ApiCheckVersionIntentService
ADDED from AndroidManifest.xml:53:9
	android:name
		ADDED from AndroidManifest.xml:53:18
service#org.rfcx.guardian.updater.service.RebootTriggerIntentService
ADDED from AndroidManifest.xml:54:9
	android:name
		ADDED from AndroidManifest.xml:54:18
service#org.rfcx.guardian.updater.service.DownloadFileService
ADDED from AndroidManifest.xml:55:9
	android:name
		ADDED from AndroidManifest.xml:55:18
service#org.rfcx.guardian.updater.service.ApiCheckVersionService
ADDED from AndroidManifest.xml:56:9
	android:name
		ADDED from AndroidManifest.xml:56:18
service#org.rfcx.guardian.updater.service.InstallAppService
ADDED from AndroidManifest.xml:57:9
	android:name
		ADDED from AndroidManifest.xml:57:18
activity#org.rfcx.guardian.updater.activity.MainActivity
ADDED from AndroidManifest.xml:59:9
	android:label
		ADDED from AndroidManifest.xml:61:13
	android:name
		ADDED from AndroidManifest.xml:60:13
intent-filter#android.intent.action.MAIN+android.intent.category.LAUNCHER
ADDED from AndroidManifest.xml:62:13
action#android.intent.action.MAIN
ADDED from AndroidManifest.xml:63:17
	android:name
		ADDED from AndroidManifest.xml:63:25
category#android.intent.category.LAUNCHER
ADDED from AndroidManifest.xml:64:17
	android:name
		ADDED from AndroidManifest.xml:64:27
receiver#org.rfcx.guardian.updater.receiver.BootReceiver
ADDED from AndroidManifest.xml:68:10
	android:name
		ADDED from AndroidManifest.xml:68:20
intent-filter#android.intent.action.BOOT_COMPLETED
ADDED from AndroidManifest.xml:69:4
action#android.intent.action.BOOT_COMPLETED
ADDED from AndroidManifest.xml:70:5
	android:name
		ADDED from AndroidManifest.xml:70:13
provider#org.rfcx.guardian.updater.api.UpdaterContentProvider
ADDED from AndroidManifest.xml:74:3
	android:readPermission
		ADDED from AndroidManifest.xml:77:10
	android:authorities
		ADDED from AndroidManifest.xml:76:4
	android:exported
		ADDED from AndroidManifest.xml:79:10
	android:name
		ADDED from AndroidManifest.xml:75:7
	android:writePermission
		ADDED from AndroidManifest.xml:78:10